Using pre-set license
Built from 'trunk' branch; Version is '6000.0.5f1 (17028576122a) revision 1507973'; Using compiler version '193933522'; Build Type 'Release'
OS: 'Windows 10  (10.0.19045) 64bit Professional' Language: 'ko' Physical Memory: 16347 MB
BatchMode: 1, IsHumanControllingUs: 0, StartBugReporterOnCrash: 0, Is64bit: 1, IsPro: 1

COMMAND LINE ARGUMENTS:
C:\Program Files\Unity\Hub\Editor\6000.0.5f1\Editor\Unity.exe
-adb2
-batchMode
-noUpm
-name
AssetImportWorker1
-projectPath
C:/Users/tohwang/Desktop/Project_MINECRAFT/MC_P/MC_P
-logFile
Logs/AssetImportWorker1.log
-srvPort
7448
-job-worker-count
3
-background-job-worker-count
8
-asset-garbage-collectors
1
Successfully changed project path to: C:/Users/tohwang/Desktop/Project_MINECRAFT/MC_P/MC_P
C:/Users/tohwang/Desktop/Project_MINECRAFT/MC_P/MC_P
[UnityMemory] Configuration Parameters - Can be set up in boot.config
    "memorysetup-bucket-allocator-granularity=16"
    "memorysetup-bucket-allocator-bucket-count=8"
    "memorysetup-bucket-allocator-block-size=33554432"
    "memorysetup-bucket-allocator-block-count=8"
    "memorysetup-main-allocator-block-size=16777216"
    "memorysetup-thread-allocator-block-size=16777216"
    "memorysetup-gfx-main-allocator-block-size=16777216"
    "memorysetup-gfx-thread-allocator-block-size=16777216"
    "memorysetup-cache-allocator-block-size=4194304"
    "memorysetup-typetree-allocator-block-size=2097152"
    "memorysetup-profiler-bucket-allocator-granularity=16"
    "memorysetup-profiler-bucket-allocator-bucket-count=8"
    "memorysetup-profiler-bucket-allocator-block-size=33554432"
    "memorysetup-profiler-bucket-allocator-block-count=8"
    "memorysetup-profiler-allocator-block-size=16777216"
    "memorysetup-profiler-editor-allocator-block-size=1048576"
    "memorysetup-temp-allocator-size-main=16777216"
    "memorysetup-job-temp-allocator-block-size=2097152"
    "memorysetup-job-temp-allocator-block-size-background=1048576"
    "memorysetup-job-temp-allocator-reduction-small-platforms=262144"
    "memorysetup-allocator-temp-initial-block-size-main=262144"
    "memorysetup-allocator-temp-initial-block-size-worker=262144"
    "memorysetup-temp-allocator-size-background-worker=32768"
    "memorysetup-temp-allocator-size-job-worker=262144"
    "memorysetup-temp-allocator-size-preload-manager=33554432"
    "memorysetup-temp-allocator-size-nav-mesh-worker=65536"
    "memorysetup-temp-allocator-size-audio-worker=65536"
    "memorysetup-temp-allocator-size-cloud-worker=32768"
    "memorysetup-temp-allocator-size-gi-baking-worker=262144"
    "memorysetup-temp-allocator-size-gi-baking-worker=262144"
    "memorysetup-temp-allocator-size-gi-baking-worker=262144"
    "memorysetup-temp-allocator-size-gi-baking-worker=262144"
    "memorysetup-temp-allocator-size-gi-baking-worker=262144"
    "memorysetup-temp-allocator-size-gfx=262144"
Player connection [15352]  Target information:

Player connection [15352]  * "[IP] 192.168.45.116 [Port] 0 [Flags] 2 [Guid] 1719902822 [EditorId] 1719902822 [Version] 1048832 [Id] WindowsEditor(7,DESKTOP-9U0L70H) [Debug] 1 [PackageName] WindowsEditor [ProjectName] Editor" 

Player connection [15352] Host joined multi-casting on [225.0.0.222:54997]...
Player connection [15352] Host joined alternative multi-casting on [225.0.0.222:34997]...
JobSystem: Creating JobQueue using job-worker-count value 3
Library Redirect Path: Library/
[PhysX] Initialized MultithreadedTaskDispatcher with 4 workers.
Refreshing native plugins compatible for Editor in 5.78 ms, found 3 plugins.
Preloading 0 native plugins for Editor in 0.00 ms.
Initialize engine version: 6000.0.5f1 (17028576122a)
[Subsystems] Discovering subsystems at path C:/Program Files/Unity/Hub/Editor/6000.0.5f1/Editor/Data/Resources/UnitySubsystems
[Subsystems] Discovering subsystems at path C:/Users/tohwang/Desktop/Project_MINECRAFT/MC_P/MC_P/Assets
GfxDevice: creating device client; kGfxThreadingModeNonThreaded
Direct3D:
    Version:  Direct3D 11.0 [level 11.1]
    Renderer: NVIDIA GeForce GTX 1080 (ID=0x1b80)
    Vendor:   NVIDIA
    VRAM:     8059 MB
    Driver:   32.0.15.6094
Initialize mono
Mono path[0] = 'C:/Program Files/Unity/Hub/Editor/6000.0.5f1/Editor/Data/Managed'
Mono path[1] = 'C:/Program Files/Unity/Hub/Editor/6000.0.5f1/Editor/Data/MonoBleedingEdge/lib/mono/unityjit-win32'
Mono config path = 'C:/Program Files/Unity/Hub/Editor/6000.0.5f1/Editor/Data/MonoBleedingEdge/etc'
Using monoOptions --debugger-agent=transport=dt_socket,embedding=1,server=y,suspend=n,address=127.0.0.1:56536
Begin MonoManager ReloadAssembly
Registering precompiled unity dll's ...
Register platform support module: C:/Program Files/Unity/Hub/Editor/6000.0.5f1/Editor/Data/PlaybackEngines/WindowsStandaloneSupport/UnityEditor.WindowsStandalone.Extensions.dll
Register platform support module: C:/Program Files/Unity/Hub/Editor/6000.0.5f1/Editor/Data/PlaybackEngines/AndroidPlayer/UnityEditor.Android.Extensions.dll
Registered in 0.012686 seconds.
- Loaded All Assemblies, in  0.883 seconds
Native extension for Android target not found
Native extension for WindowsStandalone target not found
Mono: successfully reloaded assembly
- Finished resetting the current domain, in  1.201 seconds
Domain Reload Profiling: 2074ms
	BeginReloadAssembly (298ms)
		ExecutionOrderSort (0ms)
		DisableScriptedObjects (0ms)
		BackupInstance (0ms)
		ReleaseScriptingObjects (0ms)
		CreateAndSetChildDomain (1ms)
	RebuildCommonClasses (84ms)
	RebuildNativeTypeToScriptingClass (29ms)
	initialDomainReloadingComplete (114ms)
	LoadAllAssembliesAndSetupDomain (347ms)
		LoadAssemblies (293ms)
		RebuildTransferFunctionScriptingTraits (0ms)
		AnalyzeDomain (339ms)
			TypeCache.Refresh (337ms)
				TypeCache.ScanAssembly (305ms)
			BuildScriptInfoCaches (0ms)
			ResolveRequiredComponents (1ms)
	FinalizeReload (1202ms)
		ReleaseScriptCaches (0ms)
		RebuildScriptCaches (0ms)
		SetupLoadedEditorAssemblies (1082ms)
			LogAssemblyErrors (0ms)
			InitializePlatformSupportModulesInManaged (167ms)
			SetLoadedEditorAssemblies (9ms)
			BeforeProcessingInitializeOnLoad (10ms)
			ProcessInitializeOnLoadAttributes (434ms)
			ProcessInitializeOnLoadMethodAttributes (462ms)
			AfterProcessingInitializeOnLoad (0ms)
			EditorAssembliesLoaded (0ms)
		ExecutionOrderSort2 (0ms)
		AwakeInstancesAfterBackupRestoration (0ms)
========================================================================
Worker process is ready to serve import requests
Import Worker Mode flag is 0x00
Begin MonoManager ReloadAssembly
- Loaded All Assemblies, in  3.714 seconds
Refreshing native plugins compatible for Editor in 2.96 ms, found 3 plugins.
Native extension for Android target not found
Native extension for WindowsStandalone target not found
Refreshing native plugins compatible for Editor in 6.73 ms, found 3 plugins.
Mono: successfully reloaded assembly
- Finished resetting the current domain, in  3.512 seconds
Domain Reload Profiling: 7210ms
	BeginReloadAssembly (884ms)
		ExecutionOrderSort (0ms)
		DisableScriptedObjects (9ms)
		BackupInstance (0ms)
		ReleaseScriptingObjects (0ms)
		CreateAndSetChildDomain (68ms)
	RebuildCommonClasses (71ms)
	RebuildNativeTypeToScriptingClass (20ms)
	initialDomainReloadingComplete (103ms)
	LoadAllAssembliesAndSetupDomain (2618ms)
		LoadAssemblies (2202ms)
		RebuildTransferFunctionScriptingTraits (0ms)
		AnalyzeDomain (639ms)
			TypeCache.Refresh (506ms)
				TypeCache.ScanAssembly (460ms)
			BuildScriptInfoCaches (108ms)
			ResolveRequiredComponents (20ms)
	FinalizeReload (3513ms)
		ReleaseScriptCaches (0ms)
		RebuildScriptCaches (0ms)
		SetupLoadedEditorAssemblies (2972ms)
			LogAssemblyErrors (0ms)
			InitializePlatformSupportModulesInManaged (34ms)
			SetLoadedEditorAssemblies (12ms)
			BeforeProcessingInitializeOnLoad (467ms)
			ProcessInitializeOnLoadAttributes (1773ms)
			ProcessInitializeOnLoadMethodAttributes (667ms)
			AfterProcessingInitializeOnLoad (18ms)
			EditorAssembliesLoaded (1ms)
		ExecutionOrderSort2 (0ms)
		AwakeInstancesAfterBackupRestoration (31ms)
Launched and connected shader compiler UnityShaderCompiler.exe after 0.04 seconds
Refreshing native plugins compatible for Editor in 4.25 ms, found 3 plugins.
Preloading 0 native plugins for Editor in 0.00 ms.
Unloading 204 Unused Serialized files (Serialized files now loaded: 0)
Unloading 6000 unused Assets / (7.0 MB). Loaded Objects now: 6695.
Memory consumption went from 183.6 MB to 176.6 MB.
Total: 39.730400 ms (FindLiveObjects: 6.197900 ms CreateObjectMapping: 2.254700 ms MarkObjects: 20.418400 ms  DeleteObjects: 10.855400 ms)

========================================================================
Received Import Request.
  Time since last request: 100322.037551 seconds.
  path: Assets/Plugins/NPOI.OpenXml4Net.dll
  artifactKey: Guid(7d6e28b4733f5fd429525eb29afa367d) Importer(2089858483,192608db42251d675da83286b1cce702)
Start importing Assets/Plugins/NPOI.OpenXml4Net.dll using Guid(7d6e28b4733f5fd429525eb29afa367d) Importer(2089858483,192608db42251d675da83286b1cce702) (ScriptedImporter)[PhysX] Initialized MultithreadedTaskDispatcher with 4 workers.
 -> (artifact id: '4264fe9f27c8c4a134d3ef40e52701cd') in 0.406557 seconds
Number of updated asset objects reloaded before import = 0Number of asset objects unloaded after import = 0

========================================================================
Received Import Request.
  Time since last request: 0.000034 seconds.
  path: Assets/Packages/ExcelDataReader.3.7.0/ExcelDataReader.nuspec
  artifactKey: Guid(c1f96e2c29a10094d8fda56bc2d2835b) Importer(2089858483,192608db42251d675da83286b1cce702)
Start importing Assets/Packages/ExcelDataReader.3.7.0/ExcelDataReader.nuspec using Guid(c1f96e2c29a10094d8fda56bc2d2835b) Importer(2089858483,192608db42251d675da83286b1cce702) (ScriptedImporter)[PhysX] Initialized MultithreadedTaskDispatcher with 4 workers.
 -> (artifact id: '9b999d7751b18eb74ad0d4fa83c0e545') in 0.0213448 seconds
Number of updated asset objects reloaded before import = 0Number of asset objects unloaded after import = 1

========================================================================
Received Import Request.
  Time since last request: 0.000034 seconds.
  path: Assets/Packages/EPPlus.Interfaces.6.1.1/readme.md
  artifactKey: Guid(ca973ec5ae34ec84a852b043d17b7f9a) Importer(2089858483,192608db42251d675da83286b1cce702)
Start importing Assets/Packages/EPPlus.Interfaces.6.1.1/readme.md using Guid(ca973ec5ae34ec84a852b043d17b7f9a) Importer(2089858483,192608db42251d675da83286b1cce702) (ScriptedImporter)[PhysX] Initialized MultithreadedTaskDispatcher with 4 workers.
 -> (artifact id: 'f8e9d3e3c16b387ea076218809f3db7b') in 0.0196486 seconds
Number of updated asset objects reloaded before import = 0Number of asset objects unloaded after import = 1

========================================================================
Received Import Request.
  Time since last request: 0.000021 seconds.
  path: Assets/Packages/Microsoft.Extensions.Configuration.Abstractions.8.0.0/PACKAGE.md
  artifactKey: Guid(735b67901ad949c4b95cdbc95c9a3cc0) Importer(2089858483,192608db42251d675da83286b1cce702)
Start importing Assets/Packages/Microsoft.Extensions.Configuration.Abstractions.8.0.0/PACKAGE.md using Guid(735b67901ad949c4b95cdbc95c9a3cc0) Importer(2089858483,192608db42251d675da83286b1cce702) (ScriptedImporter)[PhysX] Initialized MultithreadedTaskDispatcher with 4 workers.
 -> (artifact id: 'd688b6b30f4ccff4e5ce6d9cc4be5469') in 0.0235218 seconds
Number of updated asset objects reloaded before import = 0Number of asset objects unloaded after import = 1

========================================================================
Received Import Request.
  Time since last request: 0.000028 seconds.
  path: Assets/Editor/NPOI/Release Notes.txt
  artifactKey: Guid(6235f5f9c621145bbbaa45b69c344d8c) Importer(2089858483,192608db42251d675da83286b1cce702)
Start importing Assets/Editor/NPOI/Release Notes.txt using Guid(6235f5f9c621145bbbaa45b69c344d8c) Importer(2089858483,192608db42251d675da83286b1cce702) (ScriptedImporter)[PhysX] Initialized MultithreadedTaskDispatcher with 4 workers.
 -> (artifact id: '67d04fe641759a92a585a2167ec85018') in 0.0426113 seconds
Number of updated asset objects reloaded before import = 0Number of asset objects unloaded after import = 1

========================================================================
Received Import Request.
  Time since last request: 0.000026 seconds.
  path: Assets/Runtime/ExcelAssetAttribute.cs
  artifactKey: Guid(a8bafaca1de8c4301bbb0b91f3acd7e5) Importer(2089858483,192608db42251d675da83286b1cce702)
Start importing Assets/Runtime/ExcelAssetAttribute.cs using Guid(a8bafaca1de8c4301bbb0b91f3acd7e5) Importer(2089858483,192608db42251d675da83286b1cce702) (ScriptedImporter)[PhysX] Initialized MultithreadedTaskDispatcher with 4 workers.
 -> (artifact id: '2e9db735c1fc210debb4aa9466efc1ef') in 0.1286918 seconds
Number of updated asset objects reloaded before import = 0Number of asset objects unloaded after import = 0

========================================================================
Received Import Request.
  Time since last request: 0.000064 seconds.
  path: Assets/Packages/Microsoft.Extensions.FileProviders.Abstractions.8.0.0/Icon.png
  artifactKey: Guid(7af62239b7cbf744da5c15f4d36d2bd8) Importer(2089858483,192608db42251d675da83286b1cce702)
Start importing Assets/Packages/Microsoft.Extensions.FileProviders.Abstractions.8.0.0/Icon.png using Guid(7af62239b7cbf744da5c15f4d36d2bd8) Importer(2089858483,192608db42251d675da83286b1cce702) (ScriptedImporter)[PhysX] Initialized MultithreadedTaskDispatcher with 4 workers.
 -> (artifact id: 'ffeefd3fc5ffad6e2dd6d01eb1ab3248') in 0.4042428 seconds
Number of updated asset objects reloaded before import = 0Number of asset objects unloaded after import = 1

========================================================================
Received Import Request.
  Time since last request: 0.000028 seconds.
  path: Assets/Editor/ExcelImporter.cs
  artifactKey: Guid(3cce050d9dd5a424c9dd57f3a96bd5f2) Importer(2089858483,192608db42251d675da83286b1cce702)
Start importing Assets/Editor/ExcelImporter.cs using Guid(3cce050d9dd5a424c9dd57f3a96bd5f2) Importer(2089858483,192608db42251d675da83286b1cce702) (ScriptedImporter)[PhysX] Initialized MultithreadedTaskDispatcher with 4 workers.
 -> (artifact id: '62740b86c97584d3ab66f5baa5a49351') in 0.0325102 seconds
Number of updated asset objects reloaded before import = 0Number of asset objects unloaded after import = 0

========================================================================
Received Import Request.
  Time since last request: 0.000036 seconds.
  path: Assets/Packages/EPPlus.Interfaces.6.1.1/EPPlusLogo.png
  artifactKey: Guid(32bda4a4a74b23b4880a0dd2756ffc45) Importer(2089858483,192608db42251d675da83286b1cce702)
Start importing Assets/Packages/EPPlus.Interfaces.6.1.1/EPPlusLogo.png using Guid(32bda4a4a74b23b4880a0dd2756ffc45) Importer(2089858483,192608db42251d675da83286b1cce702) (ScriptedImporter)[PhysX] Initialized MultithreadedTaskDispatcher with 4 workers.
 -> (artifact id: '7332838804b657348770460e76dbd637') in 0.0473132 seconds
Number of updated asset objects reloaded before import = 0Number of asset objects unloaded after import = 1

========================================================================
Received Import Request.
  Time since last request: 0.000063 seconds.
  path: Assets/Settings/PC_Renderer.asset
  artifactKey: Guid(f288ae1f4751b564a96ac7587541f7a2) Importer(2089858483,192608db42251d675da83286b1cce702)
Start importing Assets/Settings/PC_Renderer.asset using Guid(f288ae1f4751b564a96ac7587541f7a2) Importer(2089858483,192608db42251d675da83286b1cce702) (ScriptedImporter)[PhysX] Initialized MultithreadedTaskDispatcher with 4 workers.
 -> (artifact id: 'c8c07d84f90f8d4c50293fedc6d515c0') in 0.1339857 seconds
Number of updated asset objects reloaded before import = 0Number of asset objects unloaded after import = 1

========================================================================
Received Import Request.
  Time since last request: 0.000023 seconds.
  path: Assets/Settings/UniversalRenderPipelineGlobalSettings.asset
  artifactKey: Guid(18dc0cd2c080841dea60987a38ce93fa) Importer(2089858483,192608db42251d675da83286b1cce702)
Start importing Assets/Settings/UniversalRenderPipelineGlobalSettings.asset using Guid(18dc0cd2c080841dea60987a38ce93fa) Importer(2089858483,192608db42251d675da83286b1cce702) (ScriptedImporter)[PhysX] Initialized MultithreadedTaskDispatcher with 4 workers.
 -> (artifact id: '5d280fc5a2057c9fa44098bfd077f2d5') in 0.2025836 seconds
Number of updated asset objects reloaded before import = 0Number of asset objects unloaded after import = 0

========================================================================
Received Import Request.
  Time since last request: 0.000048 seconds.
  path: Assets/Packages/Newtonsoft.Json.13.0.3/README.md
  artifactKey: Guid(229dec1bb1ea41445a206a3bc7d32ea2) Importer(2089858483,192608db42251d675da83286b1cce702)
Start importing Assets/Packages/Newtonsoft.Json.13.0.3/README.md using Guid(229dec1bb1ea41445a206a3bc7d32ea2) Importer(2089858483,192608db42251d675da83286b1cce702) (ScriptedImporter)[PhysX] Initialized MultithreadedTaskDispatcher with 4 workers.
 -> (artifact id: '45f00477a297153456f712514f915d59') in 0.0314437 seconds
Number of updated asset objects reloaded before import = 0Number of asset objects unloaded after import = 1

========================================================================
Received Import Request.
  Time since last request: 0.000026 seconds.
  path: Assets/Packages/Newtonsoft.Json.13.0.3/packageIcon.png
  artifactKey: Guid(fa8620dd5c01b9545a226e8a88bbc7f0) Importer(2089858483,192608db42251d675da83286b1cce702)
Start importing Assets/Packages/Newtonsoft.Json.13.0.3/packageIcon.png using Guid(fa8620dd5c01b9545a226e8a88bbc7f0) Importer(2089858483,192608db42251d675da83286b1cce702) (ScriptedImporter)[PhysX] Initialized MultithreadedTaskDispatcher with 4 workers.
 -> (artifact id: 'a232ba606747d8102b2321805b649236') in 0.0734951 seconds
Number of updated asset objects reloaded before import = 0Number of asset objects unloaded after import = 1

========================================================================
Received Import Request.
  Time since last request: 0.000028 seconds.
  path: Assets/Packages/System.Formats.Asn1.8.0.1/Icon.png
  artifactKey: Guid(ad7fb56d3b90efe48a99d2f3ee5ad1ed) Importer(2089858483,192608db42251d675da83286b1cce702)
Start importing Assets/Packages/System.Formats.Asn1.8.0.1/Icon.png using Guid(ad7fb56d3b90efe48a99d2f3ee5ad1ed) Importer(2089858483,192608db42251d675da83286b1cce702) (ScriptedImporter)[PhysX] Initialized MultithreadedTaskDispatcher with 4 workers.
 -> (artifact id: '24050475f40c43491306a2585cc973fd') in 0.0626941 seconds
Number of updated asset objects reloaded before import = 0Number of asset objects unloaded after import = 1

========================================================================
Received Import Request.
  Time since last request: 0.000039 seconds.
  path: Assets/Packages/System.Text.Encoding.CodePages.8.0.0/useSharedDesignerContext.txt
  artifactKey: Guid(b468a0e59ff23e84eb7f27e036d5a8f4) Importer(2089858483,192608db42251d675da83286b1cce702)
Start importing Assets/Packages/System.Text.Encoding.CodePages.8.0.0/useSharedDesignerContext.txt using Guid(b468a0e59ff23e84eb7f27e036d5a8f4) Importer(2089858483,192608db42251d675da83286b1cce702) (ScriptedImporter)[PhysX] Initialized MultithreadedTaskDispatcher with 4 workers.
 -> (artifact id: '057860e5393caa1ef462dd0c48ac1dd1') in 0.0196888 seconds
Number of updated asset objects reloaded before import = 0Number of asset objects unloaded after import = 1

========================================================================
Received Import Request.
  Time since last request: 0.000023 seconds.
  path: Assets/Packages/System.Text.Json.8.0.5/System.Text.Json.nuspec
  artifactKey: Guid(5abb2a49eedd87d499e9a352d2116b90) Importer(2089858483,192608db42251d675da83286b1cce702)
Start importing Assets/Packages/System.Text.Json.8.0.5/System.Text.Json.nuspec using Guid(5abb2a49eedd87d499e9a352d2116b90) Importer(2089858483,192608db42251d675da83286b1cce702) (ScriptedImporter)[PhysX] Initialized MultithreadedTaskDispatcher with 4 workers.
 -> (artifact id: '9a98b403223139edec8bc5bd17739e85') in 0.0178478 seconds
Number of updated asset objects reloaded before import = 0Number of asset objects unloaded after import = 1

========================================================================
Received Import Request.
  Time since last request: 0.000017 seconds.
  path: Assets/Packages/System.Drawing.Common.4.7.3/THIRD-PARTY-NOTICES.TXT
  artifactKey: Guid(4c8624ed92d1c2749ba68e7aeee66a9b) Importer(2089858483,192608db42251d675da83286b1cce702)
Start importing Assets/Packages/System.Drawing.Common.4.7.3/THIRD-PARTY-NOTICES.TXT using Guid(4c8624ed92d1c2749ba68e7aeee66a9b) Importer(2089858483,192608db42251d675da83286b1cce702) (ScriptedImporter)[PhysX] Initialized MultithreadedTaskDispatcher with 4 workers.
 -> (artifact id: '2fd812c4e86ec0c5ef588870eae8bf19') in 0.0208526 seconds
Number of updated asset objects reloaded before import = 0Number of asset objects unloaded after import = 1

========================================================================
Received Import Request.
  Time since last request: 0.000023 seconds.
  path: Assets/Packages/System.Formats.Asn1.8.0.1/THIRD-PARTY-NOTICES.TXT
  artifactKey: Guid(ae518f0682853d441890084ba66db8fb) Importer(2089858483,192608db42251d675da83286b1cce702)
Start importing Assets/Packages/System.Formats.Asn1.8.0.1/THIRD-PARTY-NOTICES.TXT using Guid(ae518f0682853d441890084ba66db8fb) Importer(2089858483,192608db42251d675da83286b1cce702) (ScriptedImporter)[PhysX] Initialized MultithreadedTaskDispatcher with 4 workers.
 -> (artifact id: '8139042bb442e7c48126e22a95a263ef') in 0.0197747 seconds
Number of updated asset objects reloaded before import = 0Number of asset objects unloaded after import = 1

========================================================================
Received Import Request.
  Time since last request: 0.000042 seconds.
  path: Assets/Packages/System.Runtime.CompilerServices.Unsafe.6.0.0/THIRD-PARTY-NOTICES.TXT
  artifactKey: Guid(5662647762f0e4347bbe64cf0b725489) Importer(2089858483,192608db42251d675da83286b1cce702)
Start importing Assets/Packages/System.Runtime.CompilerServices.Unsafe.6.0.0/THIRD-PARTY-NOTICES.TXT using Guid(5662647762f0e4347bbe64cf0b725489) Importer(2089858483,192608db42251d675da83286b1cce702) (ScriptedImporter)[PhysX] Initialized MultithreadedTaskDispatcher with 4 workers.
 -> (artifact id: '0d3fd0c71292d5bee849945780f69e25') in 0.0224848 seconds
Number of updated asset objects reloaded before import = 0Number of asset objects unloaded after import = 1

========================================================================
Received Import Request.
  Time since last request: 0.000087 seconds.
  path: Assets/Packages/Microsoft.Extensions.FileSystemGlobbing.8.0.0/useSharedDesignerContext.txt
  artifactKey: Guid(4af3fdeacacf4614ba89b2ed49577d74) Importer(2089858483,192608db42251d675da83286b1cce702)
Start importing Assets/Packages/Microsoft.Extensions.FileSystemGlobbing.8.0.0/useSharedDesignerContext.txt using Guid(4af3fdeacacf4614ba89b2ed49577d74) Importer(2089858483,192608db42251d675da83286b1cce702) (ScriptedImporter)[PhysX] Initialized MultithreadedTaskDispatcher with 4 workers.
 -> (artifact id: '5cdee9c6728f76631e2284419848f71a') in 0.0174521 seconds
Number of updated asset objects reloaded before import = 0Number of asset objects unloaded after import = 1

========================================================================
Received Import Request.
  Time since last request: 0.000022 seconds.
  path: Assets/NuGet/Editor/NugetForUnity.dll
  artifactKey: Guid(8dc1be91775c4bb469f6b74cef450eaa) Importer(2089858483,192608db42251d675da83286b1cce702)
Start importing Assets/NuGet/Editor/NugetForUnity.dll using Guid(8dc1be91775c4bb469f6b74cef450eaa) Importer(2089858483,192608db42251d675da83286b1cce702) (ScriptedImporter)[PhysX] Initialized MultithreadedTaskDispatcher with 4 workers.
 -> (artifact id: 'af5f5d4c954f317bc3a6f4db7ab34d98') in 0.0365069 seconds
Number of updated asset objects reloaded before import = 0Number of asset objects unloaded after import = 0

========================================================================
Received Import Request.
  Time since last request: 0.000028 seconds.
  path: Assets/Packages/System.Security.Cryptography.Cng.5.0.0/THIRD-PARTY-NOTICES.TXT
  artifactKey: Guid(00c8e786ef288bb409d9e896bcfef6d7) Importer(2089858483,192608db42251d675da83286b1cce702)
Start importing Assets/Packages/System.Security.Cryptography.Cng.5.0.0/THIRD-PARTY-NOTICES.TXT using Guid(00c8e786ef288bb409d9e896bcfef6d7) Importer(2089858483,192608db42251d675da83286b1cce702) (ScriptedImporter)[PhysX] Initialized MultithreadedTaskDispatcher with 4 workers.
 -> (artifact id: 'c50ccc0c61286427fab581c9d564e118') in 0.0300257 seconds
Number of updated asset objects reloaded before import = 0Number of asset objects unloaded after import = 1

========================================================================
Received Import Request.
  Time since last request: 0.000036 seconds.
  path: Assets/Packages/System.Text.Encoding.CodePages.8.0.0/Icon.png
  artifactKey: Guid(f696682fd8d97ab4b890e6480447dff9) Importer(2089858483,192608db42251d675da83286b1cce702)
Start importing Assets/Packages/System.Text.Encoding.CodePages.8.0.0/Icon.png using Guid(f696682fd8d97ab4b890e6480447dff9) Importer(2089858483,192608db42251d675da83286b1cce702) (ScriptedImporter)[PhysX] Initialized MultithreadedTaskDispatcher with 4 workers.
 -> (artifact id: 'a4908c72df7360dd96890145565e809c') in 0.0419596 seconds
Number of updated asset objects reloaded before import = 0Number of asset objects unloaded after import = 1

========================================================================
Received Import Request.
  Time since last request: 0.000024 seconds.
  path: Assets/Packages/Microsoft.Extensions.Configuration.8.0.0/THIRD-PARTY-NOTICES.TXT
  artifactKey: Guid(d160428e3be04b24091627b302e11045) Importer(2089858483,192608db42251d675da83286b1cce702)
Start importing Assets/Packages/Microsoft.Extensions.Configuration.8.0.0/THIRD-PARTY-NOTICES.TXT using Guid(d160428e3be04b24091627b302e11045) Importer(2089858483,192608db42251d675da83286b1cce702) (ScriptedImporter)[PhysX] Initialized MultithreadedTaskDispatcher with 4 workers.
 -> (artifact id: 'a63395fdccd28b5a30865a227182b8cf') in 0.0978964 seconds
Number of updated asset objects reloaded before import = 0Number of asset objects unloaded after import = 1

========================================================================
Received Import Request.
  Time since last request: 0.000030 seconds.
  path: Assets/Packages/Microsoft.Extensions.Configuration.FileExtensions.8.0.1/useSharedDesignerContext.txt
  artifactKey: Guid(708dd4ea98510424d8cfdeb3d9d8461e) Importer(2089858483,192608db42251d675da83286b1cce702)
Start importing Assets/Packages/Microsoft.Extensions.Configuration.FileExtensions.8.0.1/useSharedDesignerContext.txt using Guid(708dd4ea98510424d8cfdeb3d9d8461e) Importer(2089858483,192608db42251d675da83286b1cce702) (ScriptedImporter)[PhysX] Initialized MultithreadedTaskDispatcher with 4 workers.
 -> (artifact id: '58911bd96f4498e45af4aa8d48a60466') in 0.0332878 seconds
Number of updated asset objects reloaded before import = 0Number of asset objects unloaded after import = 1

========================================================================
Received Import Request.
  Time since last request: 0.000055 seconds.
  path: Assets/Packages/Microsoft.Extensions.Configuration.Json.8.0.1/Microsoft.Extensions.Configuration.Json.nuspec
  artifactKey: Guid(aef167c700ff5a940b72328cf66b8259) Importer(2089858483,192608db42251d675da83286b1cce702)
Start importing Assets/Packages/Microsoft.Extensions.Configuration.Json.8.0.1/Microsoft.Extensions.Configuration.Json.nuspec using Guid(aef167c700ff5a940b72328cf66b8259) Importer(2089858483,192608db42251d675da83286b1cce702) (ScriptedImporter)[PhysX] Initialized MultithreadedTaskDispatcher with 4 workers.
 -> (artifact id: '3b543c34d109b0e8b87c5a203bec014b') in 0.0242302 seconds
Number of updated asset objects reloaded before import = 0Number of asset objects unloaded after import = 1

========================================================================
Received Import Request.
  Time since last request: 0.000035 seconds.
  path: Assets/Editor/NPOI/LICENSE
  artifactKey: Guid(ec49efc4b8d4f4d83a98edcabe221e3c) Importer(2089858483,192608db42251d675da83286b1cce702)
Start importing Assets/Editor/NPOI/LICENSE using Guid(ec49efc4b8d4f4d83a98edcabe221e3c) Importer(2089858483,192608db42251d675da83286b1cce702) (ScriptedImporter)[PhysX] Initialized MultithreadedTaskDispatcher with 4 workers.
 -> (artifact id: 'e32937bcddf4fa1b8b2c21856c31a939') in 0.0184519 seconds
Number of updated asset objects reloaded before import = 0Number of asset objects unloaded after import = 1

========================================================================
Received Import Request.
  Time since last request: 0.000013 seconds.
  path: Assets/Settings/Mobile_RPAsset.asset
  artifactKey: Guid(5e6cbd92db86f4b18aec3ed561671858) Importer(2089858483,192608db42251d675da83286b1cce702)
Start importing Assets/Settings/Mobile_RPAsset.asset using Guid(5e6cbd92db86f4b18aec3ed561671858) Importer(2089858483,192608db42251d675da83286b1cce702) (ScriptedImporter)[PhysX] Initialized MultithreadedTaskDispatcher with 4 workers.
 -> (artifact id: '552b7c15f2cd2b28b2fe4d7fef49166d') in 0.1381566 seconds
Number of updated asset objects reloaded before import = 0Number of asset objects unloaded after import = 2

========================================================================
Received Import Request.
  Time since last request: 0.000030 seconds.
  path: Assets/Packages/ExcelDataReader.DataSet.3.7.0/ExcelDataReader.DataSet.nuspec
  artifactKey: Guid(c3bc657c9cc36504c8fcbde47b12cd84) Importer(2089858483,192608db42251d675da83286b1cce702)
Start importing Assets/Packages/ExcelDataReader.DataSet.3.7.0/ExcelDataReader.DataSet.nuspec using Guid(c3bc657c9cc36504c8fcbde47b12cd84) Importer(2089858483,192608db42251d675da83286b1cce702) (ScriptedImporter)[PhysX] Initialized MultithreadedTaskDispatcher with 4 workers.
 -> (artifact id: '12ed693af5484440db6fee339583b631') in 0.0281803 seconds
Number of updated asset objects reloaded before import = 0Number of asset objects unloaded after import = 1

========================================================================
Received Import Request.
  Time since last request: 0.000036 seconds.
  path: Assets/Packages/Microsoft.Extensions.FileProviders.Abstractions.8.0.0/Microsoft.Extensions.FileProviders.Abstractions.nuspec
  artifactKey: Guid(039351a7d3209a044a91baa3949bda2d) Importer(2089858483,192608db42251d675da83286b1cce702)
Start importing Assets/Packages/Microsoft.Extensions.FileProviders.Abstractions.8.0.0/Microsoft.Extensions.FileProviders.Abstractions.nuspec using Guid(039351a7d3209a044a91baa3949bda2d) Importer(2089858483,192608db42251d675da83286b1cce702) (ScriptedImporter)[PhysX] Initialized MultithreadedTaskDispatcher with 4 workers.
 -> (artifact id: '8ab7979f45d1113c592099b4ccaec275') in 0.0336516 seconds
Number of updated asset objects reloaded before import = 0Number of asset objects unloaded after import = 1

========================================================================
Received Import Request.
  Time since last request: 0.000217 seconds.
  path: Assets/Packages/EPPlus.Interfaces.6.1.1/EPPlus.Interfaces.nuspec
  artifactKey: Guid(3dcbaec4e18c8dc4182fe8e0855e38c8) Importer(2089858483,192608db42251d675da83286b1cce702)
Start importing Assets/Packages/EPPlus.Interfaces.6.1.1/EPPlus.Interfaces.nuspec using Guid(3dcbaec4e18c8dc4182fe8e0855e38c8) Importer(2089858483,192608db42251d675da83286b1cce702) (ScriptedImporter)[PhysX] Initialized MultithreadedTaskDispatcher with 4 workers.
 -> (artifact id: 'f491a365ff720bb80120ad8f7d4487a1') in 0.0175316 seconds
Number of updated asset objects reloaded before import = 0Number of asset objects unloaded after import = 1

========================================================================
Received Import Request.
  Time since last request: 0.000094 seconds.
  path: Assets/Packages/Microsoft.Extensions.Configuration.Json.8.0.1/THIRD-PARTY-NOTICES.TXT
  artifactKey: Guid(79867f731f1a6174590dcbdcfa66b5a6) Importer(2089858483,192608db42251d675da83286b1cce702)
Start importing Assets/Packages/Microsoft.Extensions.Configuration.Json.8.0.1/THIRD-PARTY-NOTICES.TXT using Guid(79867f731f1a6174590dcbdcfa66b5a6) Importer(2089858483,192608db42251d675da83286b1cce702) (ScriptedImporter)[PhysX] Initialized MultithreadedTaskDispatcher with 4 workers.
 -> (artifact id: 'aa627e407ac5545d344549804361eb66') in 0.0243743 seconds
Number of updated asset objects reloaded before import = 0Number of asset objects unloaded after import = 1

========================================================================
Received Import Request.
  Time since last request: 0.000043 seconds.
  path: Assets/Packages/Microsoft.Extensions.FileSystemGlobbing.8.0.0/Microsoft.Extensions.FileSystemGlobbing.nuspec
  artifactKey: Guid(2158e5ed0d01205419d2b11d96dc146c) Importer(2089858483,192608db42251d675da83286b1cce702)
Start importing Assets/Packages/Microsoft.Extensions.FileSystemGlobbing.8.0.0/Microsoft.Extensions.FileSystemGlobbing.nuspec using Guid(2158e5ed0d01205419d2b11d96dc146c) Importer(2089858483,192608db42251d675da83286b1cce702) (ScriptedImporter)[PhysX] Initialized MultithreadedTaskDispatcher with 4 workers.
 -> (artifact id: '774d9b8538525dc3e886e036a110b4b6') in 0.0194638 seconds
Number of updated asset objects reloaded before import = 0Number of asset objects unloaded after import = 1

========================================================================
Received Import Request.
  Time since last request: 0.000021 seconds.
  path: Assets/Packages/System.Formats.Asn1.8.0.1/useSharedDesignerContext.txt
  artifactKey: Guid(e20dbe2680895d344b0a6f9f05be9656) Importer(2089858483,192608db42251d675da83286b1cce702)
Start importing Assets/Packages/System.Formats.Asn1.8.0.1/useSharedDesignerContext.txt using Guid(e20dbe2680895d344b0a6f9f05be9656) Importer(2089858483,192608db42251d675da83286b1cce702) (ScriptedImporter)[PhysX] Initialized MultithreadedTaskDispatcher with 4 workers.
 -> (artifact id: '2ba82ca631c6cc55fc67e442850b84f2') in 0.0171596 seconds
Number of updated asset objects reloaded before import = 0Number of asset objects unloaded after import = 1

========================================================================
Received Import Request.
  Time since last request: 0.000019 seconds.
  path: Assets/Packages/System.Security.Cryptography.Pkcs.8.0.1/Icon.png
  artifactKey: Guid(15f301d592528bc41945a135fd88e56a) Importer(2089858483,192608db42251d675da83286b1cce702)
Start importing Assets/Packages/System.Security.Cryptography.Pkcs.8.0.1/Icon.png using Guid(15f301d592528bc41945a135fd88e56a) Importer(2089858483,192608db42251d675da83286b1cce702) (ScriptedImporter)[PhysX] Initialized MultithreadedTaskDispatcher with 4 workers.
 -> (artifact id: '6959125c53c8f510cccbc23588736bac') in 0.0394344 seconds
Number of updated asset objects reloaded before import = 0Number of asset objects unloaded after import = 1

========================================================================
Received Import Request.
  Time since last request: 0.000032 seconds.
  path: Assets/Packages/System.Security.Cryptography.Cng.5.0.0/System.Security.Cryptography.Cng.nuspec
  artifactKey: Guid(85f84869acc41e2478ce96ef9b04d94e) Importer(2089858483,192608db42251d675da83286b1cce702)
Start importing Assets/Packages/System.Security.Cryptography.Cng.5.0.0/System.Security.Cryptography.Cng.nuspec using Guid(85f84869acc41e2478ce96ef9b04d94e) Importer(2089858483,192608db42251d675da83286b1cce702) (ScriptedImporter)[PhysX] Initialized MultithreadedTaskDispatcher with 4 workers.
 -> (artifact id: 'bfe12a8411c99925a70d5e43cb25bce7') in 0.0188845 seconds
Number of updated asset objects reloaded before import = 0Number of asset objects unloaded after import = 1

========================================================================
Received Import Request.
  Time since last request: 0.000029 seconds.
  path: Assets/Packages/System.Security.Cryptography.Cng.5.0.0/Icon.png
  artifactKey: Guid(b4d2e467f84c9fe4ea3b8a91f249249b) Importer(2089858483,192608db42251d675da83286b1cce702)
Start importing Assets/Packages/System.Security.Cryptography.Cng.5.0.0/Icon.png using Guid(b4d2e467f84c9fe4ea3b8a91f249249b) Importer(2089858483,192608db42251d675da83286b1cce702) (ScriptedImporter)[PhysX] Initialized MultithreadedTaskDispatcher with 4 workers.
 -> (artifact id: '2961d758901e8de13ef9138cec36037a') in 0.0352294 seconds
Number of updated asset objects reloaded before import = 0Number of asset objects unloaded after import = 1

========================================================================
Received Import Request.
  Time since last request: 0.000021 seconds.
  path: Assets/Packages/Microsoft.Extensions.Configuration.Abstractions.8.0.0/Microsoft.Extensions.Configuration.Abstractions.nuspec
  artifactKey: Guid(3f47d9c1e4707984f83df5e77d522b5d) Importer(2089858483,192608db42251d675da83286b1cce702)
Start importing Assets/Packages/Microsoft.Extensions.Configuration.Abstractions.8.0.0/Microsoft.Extensions.Configuration.Abstractions.nuspec using Guid(3f47d9c1e4707984f83df5e77d522b5d) Importer(2089858483,192608db42251d675da83286b1cce702) (ScriptedImporter)[PhysX] Initialized MultithreadedTaskDispatcher with 4 workers.
 -> (artifact id: 'fb22b9e95530581580c6b941896c2f69') in 0.0169879 seconds
Number of updated asset objects reloaded before import = 0Number of asset objects unloaded after import = 1

========================================================================
Received Import Request.
  Time since last request: 0.000023 seconds.
  path: Assets/Packages/System.Security.Cryptography.Pkcs.8.0.1/THIRD-PARTY-NOTICES.TXT
  artifactKey: Guid(a2b5c042b9fc2724c8385b2287a9c0ef) Importer(2089858483,192608db42251d675da83286b1cce702)
Start importing Assets/Packages/System.Security.Cryptography.Pkcs.8.0.1/THIRD-PARTY-NOTICES.TXT using Guid(a2b5c042b9fc2724c8385b2287a9c0ef) Importer(2089858483,192608db42251d675da83286b1cce702) (ScriptedImporter)[PhysX] Initialized MultithreadedTaskDispatcher with 4 workers.
 -> (artifact id: 'c440dbc1e932238b0d980ee0463ff452') in 0.0139748 seconds
Number of updated asset objects reloaded before import = 0Number of asset objects unloaded after import = 1

========================================================================
Received Import Request.
  Time since last request: 4.671460 seconds.
  path: Assets/Editor/NPOI/Net20/NPOI.OOXML.dll
  artifactKey: Guid(52c75fd5af4ce4e0dbeb9dbf57f040c2) Importer(2089858483,192608db42251d675da83286b1cce702)
Start importing Assets/Editor/NPOI/Net20/NPOI.OOXML.dll using Guid(52c75fd5af4ce4e0dbeb9dbf57f040c2) Importer(2089858483,192608db42251d675da83286b1cce702) (ScriptedImporter)[PhysX] Initialized MultithreadedTaskDispatcher with 4 workers.
 -> (artifact id: '91e6d026e039076c6a6169a48670ee82') in 0.0279268 seconds
Number of updated asset objects reloaded before import = 0Number of asset objects unloaded after import = 0

========================================================================
Received Import Request.
  Time since last request: 0.000019 seconds.
  path: Assets/Packages/System.Text.Encoding.CodePages.8.0.0/buildTransitive/net462/_._
  artifactKey: Guid(2eb0b6129cd0a5e46adeb0937160f69a) Importer(2089858483,192608db42251d675da83286b1cce702)
Start importing Assets/Packages/System.Text.Encoding.CodePages.8.0.0/buildTransitive/net462/_._ using Guid(2eb0b6129cd0a5e46adeb0937160f69a) Importer(2089858483,192608db42251d675da83286b1cce702) (ScriptedImporter)[PhysX] Initialized MultithreadedTaskDispatcher with 4 workers.
 -> (artifact id: '7016f6c99c4f8880e5c72dd6afb21d9b') in 0.0265598 seconds
Number of updated asset objects reloaded before import = 0Number of asset objects unloaded after import = 1

========================================================================
Received Import Request.
  Time since last request: 0.000028 seconds.
  path: Assets/Packages/Microsoft.Extensions.Configuration.Abstractions.8.0.0/buildTransitive/net6.0/_._
  artifactKey: Guid(eb430545417143a45bdcef983c0a712b) Importer(2089858483,192608db42251d675da83286b1cce702)
Start importing Assets/Packages/Microsoft.Extensions.Configuration.Abstractions.8.0.0/buildTransitive/net6.0/_._ using Guid(eb430545417143a45bdcef983c0a712b) Importer(2089858483,192608db42251d675da83286b1cce702) (ScriptedImporter)[PhysX] Initialized MultithreadedTaskDispatcher with 4 workers.
 -> (artifact id: '6bdf39979dfaccee3b70d0155cd729e3') in 0.0373711 seconds
Number of updated asset objects reloaded before import = 0Number of asset objects unloaded after import = 1

========================================================================
Received Import Request.
  Time since last request: 0.000034 seconds.
  path: Assets/Packages/Microsoft.Extensions.FileProviders.Physical.8.0.0/buildTransitive/net461/Microsoft.Extensions.FileProviders.Physical.targets
  artifactKey: Guid(1ac5619b5f831d742a23532329004244) Importer(2089858483,192608db42251d675da83286b1cce702)
Start importing Assets/Packages/Microsoft.Extensions.FileProviders.Physical.8.0.0/buildTransitive/net461/Microsoft.Extensions.FileProviders.Physical.targets using Guid(1ac5619b5f831d742a23532329004244) Importer(2089858483,192608db42251d675da83286b1cce702) (ScriptedImporter)[PhysX] Initialized MultithreadedTaskDispatcher with 4 workers.
 -> (artifact id: '3c6151d3e6d4456b3b6ee0420cfddaeb') in 0.0256608 seconds
Number of updated asset objects reloaded before import = 0Number of asset objects unloaded after import = 1

========================================================================
Received Import Request.
  Time since last request: 0.000023 seconds.
  path: Assets/Packages/System.Formats.Asn1.8.0.1/buildTransitive/netcoreapp2.0/System.Formats.Asn1.targets
  artifactKey: Guid(31580e27c125a924e9eff89424ba9ec4) Importer(2089858483,192608db42251d675da83286b1cce702)
Start importing Assets/Packages/System.Formats.Asn1.8.0.1/buildTransitive/netcoreapp2.0/System.Formats.Asn1.targets using Guid(31580e27c125a924e9eff89424ba9ec4) Importer(2089858483,192608db42251d675da83286b1cce702) (ScriptedImporter)[PhysX] Initialized MultithreadedTaskDispatcher with 4 workers.
 -> (artifact id: '5f78fc5882cdda5a934e2146d6c0143b') in 0.0200614 seconds
Number of updated asset objects reloaded before import = 0Number of asset objects unloaded after import = 1

========================================================================
Received Import Request.
  Time since last request: 0.000027 seconds.
  path: Assets/Packages/Microsoft.Extensions.Configuration.Abstractions.8.0.0/buildTransitive/net461/Microsoft.Extensions.Configuration.Abstractions.targets
  artifactKey: Guid(a199108a302860a45861e012bdcfc0d8) Importer(2089858483,192608db42251d675da83286b1cce702)
Start importing Assets/Packages/Microsoft.Extensions.Configuration.Abstractions.8.0.0/buildTransitive/net461/Microsoft.Extensions.Configuration.Abstractions.targets using Guid(a199108a302860a45861e012bdcfc0d8) Importer(2089858483,192608db42251d675da83286b1cce702) (ScriptedImporter)[PhysX] Initialized MultithreadedTaskDispatcher with 4 workers.
 -> (artifact id: '7edb33208714751e547b6bbf78d668b2') in 0.025228 seconds
Number of updated asset objects reloaded before import = 0Number of asset objects unloaded after import = 1

========================================================================
Received Import Request.
  Time since last request: 0.000026 seconds.
  path: Assets/Packages/System.Text.Json.8.0.5/analyzers/dotnet/roslyn4.4/cs/zh-Hant/System.Text.Json.SourceGeneration.resources.dll
  artifactKey: Guid(143a36df25b6b374ca5bd1c4b29eda84) Importer(2089858483,192608db42251d675da83286b1cce702)
Start importing Assets/Packages/System.Text.Json.8.0.5/analyzers/dotnet/roslyn4.4/cs/zh-Hant/System.Text.Json.SourceGeneration.resources.dll using Guid(143a36df25b6b374ca5bd1c4b29eda84) Importer(2089858483,192608db42251d675da83286b1cce702) (ScriptedImporter)[PhysX] Initialized MultithreadedTaskDispatcher with 4 workers.
 -> (artifact id: 'faced1c65fc29fb83be34d5db7896222') in 0.2153929 seconds
Number of updated asset objects reloaded before import = 0Number of asset objects unloaded after import = 0

========================================================================
Received Import Request.
  Time since last request: 0.000029 seconds.
  path: Assets/Packages/System.Text.Json.8.0.5/analyzers/dotnet/roslyn3.11/cs/zh-Hant/System.Text.Json.SourceGeneration.resources.dll
  artifactKey: Guid(f8296fc382ae19745a1f576239424816) Importer(2089858483,192608db42251d675da83286b1cce702)
Start importing Assets/Packages/System.Text.Json.8.0.5/analyzers/dotnet/roslyn3.11/cs/zh-Hant/System.Text.Json.SourceGeneration.resources.dll using Guid(f8296fc382ae19745a1f576239424816) Importer(2089858483,192608db42251d675da83286b1cce702) (ScriptedImporter)[PhysX] Initialized MultithreadedTaskDispatcher with 4 workers.
 -> (artifact id: '2278ebff0a6d4f3b0f6f66ccffd00019') in 0.031055 seconds
Number of updated asset objects reloaded before import = 0Number of asset objects unloaded after import = 0

========================================================================
Received Import Request.
  Time since last request: 0.000019 seconds.
  path: Assets/Packages/System.Text.Json.8.0.5/lib/netstandard2.0/System.Text.Json.xml
  artifactKey: Guid(6180cf7560318e448b564557f355473a) Importer(2089858483,192608db42251d675da83286b1cce702)
Start importing Assets/Packages/System.Text.Json.8.0.5/lib/netstandard2.0/System.Text.Json.xml using Guid(6180cf7560318e448b564557f355473a) Importer(2089858483,192608db42251d675da83286b1cce702) (ScriptedImporter)[PhysX] Initialized MultithreadedTaskDispatcher with 4 workers.
 -> (artifact id: '8d4129f701c16127f7833b556e01e1d0') in 0.0411549 seconds
Number of updated asset objects reloaded before import = 0Number of asset objects unloaded after import = 1

========================================================================
Received Import Request.
  Time since last request: 0.000047 seconds.
  path: Assets/Packages/Microsoft.Extensions.FileProviders.Abstractions.8.0.0/lib/netstandard2.0/Microsoft.Extensions.FileProviders.Abstractions.xml
  artifactKey: Guid(543af17a6744da345be01e6c47c695a0) Importer(2089858483,192608db42251d675da83286b1cce702)
Start importing Assets/Packages/Microsoft.Extensions.FileProviders.Abstractions.8.0.0/lib/netstandard2.0/Microsoft.Extensions.FileProviders.Abstractions.xml using Guid(543af17a6744da345be01e6c47c695a0) Importer(2089858483,192608db42251d675da83286b1cce702) (ScriptedImporter)[PhysX] Initialized MultithreadedTaskDispatcher with 4 workers.
 -> (artifact id: 'cfea0d088cc34303bf3e15ad59d477ad') in 0.0250681 seconds
Number of updated asset objects reloaded before import = 0Number of asset objects unloaded after import = 1

========================================================================
Received Import Request.
  Time since last request: 0.000045 seconds.
  path: Assets/Packages/Microsoft.Extensions.FileProviders.Abstractions.8.0.0/buildTransitive/net462/_._
  artifactKey: Guid(dc59e3d28a9ff7f4a8977548e049476b) Importer(2089858483,192608db42251d675da83286b1cce702)
Start importing Assets/Packages/Microsoft.Extensions.FileProviders.Abstractions.8.0.0/buildTransitive/net462/_._ using Guid(dc59e3d28a9ff7f4a8977548e049476b) Importer(2089858483,192608db42251d675da83286b1cce702) (ScriptedImporter)[PhysX] Initialized MultithreadedTaskDispatcher with 4 workers.
 -> (artifact id: 'ac102c14d17f4ca17261eed37b1b62f2') in 0.0346869 seconds
Number of updated asset objects reloaded before import = 0Number of asset objects unloaded after import = 1

========================================================================
Received Import Request.
  Time since last request: 0.000020 seconds.
  path: Assets/Packages/System.Runtime.CompilerServices.Unsafe.6.0.0/lib/netstandard2.0/System.Runtime.CompilerServices.Unsafe.dll
  artifactKey: Guid(8025c255c65f63c4698d513164aa48dd) Importer(2089858483,192608db42251d675da83286b1cce702)
Start importing Assets/Packages/System.Runtime.CompilerServices.Unsafe.6.0.0/lib/netstandard2.0/System.Runtime.CompilerServices.Unsafe.dll using Guid(8025c255c65f63c4698d513164aa48dd) Importer(2089858483,192608db42251d675da83286b1cce702) (ScriptedImporter)[PhysX] Initialized MultithreadedTaskDispatcher with 4 workers.
 -> (artifact id: 'f581809b272ebc76bbf37d27088e05ab') in 0.0548003 seconds
Number of updated asset objects reloaded before import = 0Number of asset objects unloaded after import = 0

========================================================================
Received Import Request.
  Time since last request: 0.000027 seconds.
  path: Assets/Packages/Microsoft.Extensions.Primitives.8.0.0/buildTransitive/net461/Microsoft.Extensions.Primitives.targets
  artifactKey: Guid(6eed695a289a54641884fa82ba97c639) Importer(2089858483,192608db42251d675da83286b1cce702)
Start importing Assets/Packages/Microsoft.Extensions.Primitives.8.0.0/buildTransitive/net461/Microsoft.Extensions.Primitives.targets using Guid(6eed695a289a54641884fa82ba97c639) Importer(2089858483,192608db42251d675da83286b1cce702) (ScriptedImporter)[PhysX] Initialized MultithreadedTaskDispatcher with 4 workers.
 -> (artifact id: 'c6c7cd0a18cf4d0cbf57b7bdf3515d9f') in 0.0367475 seconds
Number of updated asset objects reloaded before import = 0Number of asset objects unloaded after import = 1

========================================================================
Received Import Request.
  Time since last request: 0.000058 seconds.
  path: Assets/Packages/System.Runtime.CompilerServices.Unsafe.6.0.0/lib/netstandard2.0/System.Runtime.CompilerServices.Unsafe.xml
  artifactKey: Guid(daed258683a2ba2468efee697ba54b81) Importer(2089858483,192608db42251d675da83286b1cce702)
Start importing Assets/Packages/System.Runtime.CompilerServices.Unsafe.6.0.0/lib/netstandard2.0/System.Runtime.CompilerServices.Unsafe.xml using Guid(daed258683a2ba2468efee697ba54b81) Importer(2089858483,192608db42251d675da83286b1cce702) (ScriptedImporter)[PhysX] Initialized MultithreadedTaskDispatcher with 4 workers.
 -> (artifact id: '5aabf1e85b7e753d302e0aa0b8cce3a4') in 0.0227299 seconds
Number of updated asset objects reloaded before import = 0Number of asset objects unloaded after import = 1

========================================================================
Received Import Request.
  Time since last request: 0.000024 seconds.
  path: Assets/Packages/System.Security.Cryptography.Cng.5.0.0/lib/netstandard2.1/System.Security.Cryptography.Cng.xml
  artifactKey: Guid(b5870c86c45af7d4eb031f36649460fe) Importer(2089858483,192608db42251d675da83286b1cce702)
Start importing Assets/Packages/System.Security.Cryptography.Cng.5.0.0/lib/netstandard2.1/System.Security.Cryptography.Cng.xml using Guid(b5870c86c45af7d4eb031f36649460fe) Importer(2089858483,192608db42251d675da83286b1cce702) (ScriptedImporter)[PhysX] Initialized MultithreadedTaskDispatcher with 4 workers.
 -> (artifact id: '97618b7f566d3b4d2770b3d47756b475') in 0.023785 seconds
Number of updated asset objects reloaded before import = 0Number of asset objects unloaded after import = 1

========================================================================
Received Import Request.
  Time since last request: 0.000033 seconds.
  path: Assets/Packages/Microsoft.Extensions.FileProviders.Physical.8.0.0/buildTransitive/net462/_._
  artifactKey: Guid(4f198956ff7bd5d4fbda04f8658ac7d7) Importer(2089858483,192608db42251d675da83286b1cce702)
Start importing Assets/Packages/Microsoft.Extensions.FileProviders.Physical.8.0.0/buildTransitive/net462/_._ using Guid(4f198956ff7bd5d4fbda04f8658ac7d7) Importer(2089858483,192608db42251d675da83286b1cce702) (ScriptedImporter)[PhysX] Initialized MultithreadedTaskDispatcher with 4 workers.
 -> (artifact id: '36fcde67a6c2b99130ea5886c51f1565') in 0.0261417 seconds
Number of updated asset objects reloaded before import = 0Number of asset objects unloaded after import = 1

========================================================================
Received Import Request.
  Time since last request: 0.000046 seconds.
  path: Assets/Packages/System.Security.Cryptography.Pkcs.8.0.1/lib/netstandard2.1/System.Security.Cryptography.Pkcs.xml
  artifactKey: Guid(d2eccd6d20f518c4eadbd2b282816757) Importer(2089858483,192608db42251d675da83286b1cce702)
Start importing Assets/Packages/System.Security.Cryptography.Pkcs.8.0.1/lib/netstandard2.1/System.Security.Cryptography.Pkcs.xml using Guid(d2eccd6d20f518c4eadbd2b282816757) Importer(2089858483,192608db42251d675da83286b1cce702) (ScriptedImporter)[PhysX] Initialized MultithreadedTaskDispatcher with 4 workers.
 -> (artifact id: '6556b83798b1e5dd18c0c0ca013b8ee1') in 0.0228072 seconds
Number of updated asset objects reloaded before import = 0Number of asset objects unloaded after import = 1

========================================================================
Received Import Request.
  Time since last request: 0.000037 seconds.
  path: Assets/Packages/Microsoft.Extensions.Configuration.FileExtensions.8.0.1/buildTransitive/net462/_._
  artifactKey: Guid(6d9c0fef5d7e12446b1d41fcfabd4fb9) Importer(2089858483,192608db42251d675da83286b1cce702)
Start importing Assets/Packages/Microsoft.Extensions.Configuration.FileExtensions.8.0.1/buildTransitive/net462/_._ using Guid(6d9c0fef5d7e12446b1d41fcfabd4fb9) Importer(2089858483,192608db42251d675da83286b1cce702) (ScriptedImporter)[PhysX] Initialized MultithreadedTaskDispatcher with 4 workers.
 -> (artifact id: '03407768365868115bb9faecceaf149c') in 0.0245192 seconds
Number of updated asset objects reloaded before import = 0Number of asset objects unloaded after import = 1

========================================================================
Received Import Request.
  Time since last request: 0.000019 seconds.
  path: Assets/Packages/Microsoft.Extensions.Configuration.Abstractions.8.0.0/buildTransitive/netcoreapp2.0/Microsoft.Extensions.Configuration.Abstractions.targets
  artifactKey: Guid(a34226b262471ad408c45cdb310eb8e5) Importer(2089858483,192608db42251d675da83286b1cce702)
Start importing Assets/Packages/Microsoft.Extensions.Configuration.Abstractions.8.0.0/buildTransitive/netcoreapp2.0/Microsoft.Extensions.Configuration.Abstractions.targets using Guid(a34226b262471ad408c45cdb310eb8e5) Importer(2089858483,192608db42251d675da83286b1cce702) (ScriptedImporter)[PhysX] Initialized MultithreadedTaskDispatcher with 4 workers.
 -> (artifact id: '34997307016e0a6898ca1629706264cb') in 0.0231337 seconds
Number of updated asset objects reloaded before import = 0Number of asset objects unloaded after import = 1

========================================================================
Received Import Request.
  Time since last request: 0.000021 seconds.
  path: Assets/Packages/Microsoft.Extensions.Configuration.FileExtensions.8.0.1/lib/netstandard2.0/Microsoft.Extensions.Configuration.FileExtensions.xml
  artifactKey: Guid(a2de848b87364ca47b38178501712e13) Importer(2089858483,192608db42251d675da83286b1cce702)
Start importing Assets/Packages/Microsoft.Extensions.Configuration.FileExtensions.8.0.1/lib/netstandard2.0/Microsoft.Extensions.Configuration.FileExtensions.xml using Guid(a2de848b87364ca47b38178501712e13) Importer(2089858483,192608db42251d675da83286b1cce702) (ScriptedImporter)[PhysX] Initialized MultithreadedTaskDispatcher with 4 workers.
 -> (artifact id: 'd2e658fa428a767f8a4926e99ad54966') in 0.0378503 seconds
Number of updated asset objects reloaded before import = 0Number of asset objects unloaded after import = 1

========================================================================
Received Import Request.
  Time since last request: 0.000023 seconds.
  path: Assets/Packages/System.Text.Json.8.0.5/buildTransitive/netstandard2.0/System.Text.Json.targets
  artifactKey: Guid(abebe55db64b8124192d22248c95e1a0) Importer(2089858483,192608db42251d675da83286b1cce702)
Start importing Assets/Packages/System.Text.Json.8.0.5/buildTransitive/netstandard2.0/System.Text.Json.targets using Guid(abebe55db64b8124192d22248c95e1a0) Importer(2089858483,192608db42251d675da83286b1cce702) (ScriptedImporter)[PhysX] Initialized MultithreadedTaskDispatcher with 4 workers.
 -> (artifact id: 'e54f609d66bb2d1620b6f25d566570e4') in 0.0327131 seconds
Number of updated asset objects reloaded before import = 0Number of asset objects unloaded after import = 1

========================================================================
Received Import Request.
  Time since last request: 0.000033 seconds.
  path: Assets/Packages/System.Text.Json.8.0.5/analyzers/dotnet/roslyn4.0/cs/ru/System.Text.Json.SourceGeneration.resources.dll
  artifactKey: Guid(4f7f19c917764b742a8ef227c8b8f21b) Importer(2089858483,192608db42251d675da83286b1cce702)
Start importing Assets/Packages/System.Text.Json.8.0.5/analyzers/dotnet/roslyn4.0/cs/ru/System.Text.Json.SourceGeneration.resources.dll using Guid(4f7f19c917764b742a8ef227c8b8f21b) Importer(2089858483,192608db42251d675da83286b1cce702) (ScriptedImporter)[PhysX] Initialized MultithreadedTaskDispatcher with 4 workers.
 -> (artifact id: 'b98ac13e541ca4529d5787550c4ba38f') in 0.0336135 seconds
Number of updated asset objects reloaded before import = 0Number of asset objects unloaded after import = 0

========================================================================
Received Import Request.
  Time since last request: 0.000046 seconds.
  path: Assets/Packages/System.Text.Json.8.0.5/analyzers/dotnet/roslyn4.4/cs/tr/System.Text.Json.SourceGeneration.resources.dll
  artifactKey: Guid(5fa0374264ff006498da44ed39e52db4) Importer(2089858483,192608db42251d675da83286b1cce702)
Start importing Assets/Packages/System.Text.Json.8.0.5/analyzers/dotnet/roslyn4.4/cs/tr/System.Text.Json.SourceGeneration.resources.dll using Guid(5fa0374264ff006498da44ed39e52db4) Importer(2089858483,192608db42251d675da83286b1cce702) (ScriptedImporter)[PhysX] Initialized MultithreadedTaskDispatcher with 4 workers.
 -> (artifact id: '8affa8fed3b662f1df4131971300f606') in 0.0345098 seconds
Number of updated asset objects reloaded before import = 0Number of asset objects unloaded after import = 0

========================================================================
Received Import Request.
  Time since last request: 0.000040 seconds.
  path: Assets/Packages/System.Text.Encoding.CodePages.8.0.0/lib/netstandard2.0/System.Text.Encoding.CodePages.dll
  artifactKey: Guid(5f92dba9c2cf34a4e90b784bb444ac80) Importer(2089858483,192608db42251d675da83286b1cce702)
Start importing Assets/Packages/System.Text.Encoding.CodePages.8.0.0/lib/netstandard2.0/System.Text.Encoding.CodePages.dll using Guid(5f92dba9c2cf34a4e90b784bb444ac80) Importer(2089858483,192608db42251d675da83286b1cce702) (ScriptedImporter)[PhysX] Initialized MultithreadedTaskDispatcher with 4 workers.
 -> (artifact id: '5e822ed97e1c9b19d58db07052bc8d92') in 0.0479029 seconds
Number of updated asset objects reloaded before import = 0Number of asset objects unloaded after import = 0

========================================================================
Received Import Request.
  Time since last request: 0.000045 seconds.
  path: Assets/Packages/ExcelDataReader.DataSet.3.7.0/lib/netstandard2.1/ExcelDataReader.DataSet.xml
  artifactKey: Guid(6f921dc08bb2c7442b2ebfe7ffceb3c6) Importer(2089858483,192608db42251d675da83286b1cce702)
Start importing Assets/Packages/ExcelDataReader.DataSet.3.7.0/lib/netstandard2.1/ExcelDataReader.DataSet.xml using Guid(6f921dc08bb2c7442b2ebfe7ffceb3c6) Importer(2089858483,192608db42251d675da83286b1cce702) (ScriptedImporter)[PhysX] Initialized MultithreadedTaskDispatcher with 4 workers.
 -> (artifact id: 'b7c53772bb6fbf8aec1b5fe297c3ff92') in 0.0424757 seconds
Number of updated asset objects reloaded before import = 0Number of asset objects unloaded after import = 1

========================================================================
Received Import Request.
  Time since last request: 0.000031 seconds.
  path: Assets/Editor/NPOI/Net20/NPOI.OpenXmlFormats.dll
  artifactKey: Guid(c4e129635bb7e4da49e94198ae11a18d) Importer(2089858483,192608db42251d675da83286b1cce702)
Start importing Assets/Editor/NPOI/Net20/NPOI.OpenXmlFormats.dll using Guid(c4e129635bb7e4da49e94198ae11a18d) Importer(2089858483,192608db42251d675da83286b1cce702) (ScriptedImporter)[PhysX] Initialized MultithreadedTaskDispatcher with 4 workers.
 -> (artifact id: '57cc5098dc283aa35cc47dea4cb5bdb7') in 0.0453249 seconds
Number of updated asset objects reloaded before import = 0Number of asset objects unloaded after import = 0

========================================================================
Received Import Request.
  Time since last request: 0.000026 seconds.
  path: Assets/Packages/System.Security.Cryptography.Cng.5.0.0/lib/netstandard2.1/System.Security.Cryptography.Cng.dll
  artifactKey: Guid(0a5be105eec9a444891d9f9125ff5634) Importer(2089858483,192608db42251d675da83286b1cce702)
Start importing Assets/Packages/System.Security.Cryptography.Cng.5.0.0/lib/netstandard2.1/System.Security.Cryptography.Cng.dll using Guid(0a5be105eec9a444891d9f9125ff5634) Importer(2089858483,192608db42251d675da83286b1cce702) (ScriptedImporter)[PhysX] Initialized MultithreadedTaskDispatcher with 4 workers.
 -> (artifact id: '665287fe078e26ae1227d66e79040833') in 0.026192 seconds
Number of updated asset objects reloaded before import = 0Number of asset objects unloaded after import = 0

========================================================================
Received Import Request.
  Time since last request: 0.000034 seconds.
  path: Assets/Packages/Microsoft.Extensions.FileSystemGlobbing.8.0.0/buildTransitive/net461/Microsoft.Extensions.FileSystemGlobbing.targets
  artifactKey: Guid(06d0a2f84f6a26943bff75123ecefb23) Importer(2089858483,192608db42251d675da83286b1cce702)
Start importing Assets/Packages/Microsoft.Extensions.FileSystemGlobbing.8.0.0/buildTransitive/net461/Microsoft.Extensions.FileSystemGlobbing.targets using Guid(06d0a2f84f6a26943bff75123ecefb23) Importer(2089858483,192608db42251d675da83286b1cce702) (ScriptedImporter)[PhysX] Initialized MultithreadedTaskDispatcher with 4 workers.
 -> (artifact id: 'ca938077843fa512753b9e6c5e45fe50') in 0.0205997 seconds
Number of updated asset objects reloaded before import = 0Number of asset objects unloaded after import = 1

========================================================================
Received Import Request.
  Time since last request: 0.000024 seconds.
  path: Assets/Packages/System.Text.Json.8.0.5/buildTransitive/net6.0/System.Text.Json.targets
  artifactKey: Guid(3f9604c12dd454d4cbb46c80536e35ff) Importer(2089858483,192608db42251d675da83286b1cce702)
Start importing Assets/Packages/System.Text.Json.8.0.5/buildTransitive/net6.0/System.Text.Json.targets using Guid(3f9604c12dd454d4cbb46c80536e35ff) Importer(2089858483,192608db42251d675da83286b1cce702) (ScriptedImporter)[PhysX] Initialized MultithreadedTaskDispatcher with 4 workers.
 -> (artifact id: 'cbe70804b7df1ea0c1a8e4ef2308a767') in 0.0213978 seconds
Number of updated asset objects reloaded before import = 0Number of asset objects unloaded after import = 1

========================================================================
Received Import Request.
  Time since last request: 0.000029 seconds.
  path: Assets/Packages/System.Text.Json.8.0.5/analyzers/dotnet/roslyn3.11/cs/ko/System.Text.Json.SourceGeneration.resources.dll
  artifactKey: Guid(279c36812d620784fa972425d3d9eef0) Importer(2089858483,192608db42251d675da83286b1cce702)
Start importing Assets/Packages/System.Text.Json.8.0.5/analyzers/dotnet/roslyn3.11/cs/ko/System.Text.Json.SourceGeneration.resources.dll using Guid(279c36812d620784fa972425d3d9eef0) Importer(2089858483,192608db42251d675da83286b1cce702) (ScriptedImporter)[PhysX] Initialized MultithreadedTaskDispatcher with 4 workers.
 -> (artifact id: '9bc3378c52194f58c993ee85594b2bdf') in 0.0265094 seconds
Number of updated asset objects reloaded before import = 0Number of asset objects unloaded after import = 0

========================================================================
Received Import Request.
  Time since last request: 0.000034 seconds.
  path: Assets/Packages/System.Text.Json.8.0.5/analyzers/dotnet/roslyn3.11/cs/it/System.Text.Json.SourceGeneration.resources.dll
  artifactKey: Guid(f168ed96a2cbd01408b91b1a2eee5b57) Importer(2089858483,192608db42251d675da83286b1cce702)
Start importing Assets/Packages/System.Text.Json.8.0.5/analyzers/dotnet/roslyn3.11/cs/it/System.Text.Json.SourceGeneration.resources.dll using Guid(f168ed96a2cbd01408b91b1a2eee5b57) Importer(2089858483,192608db42251d675da83286b1cce702) (ScriptedImporter)[PhysX] Initialized MultithreadedTaskDispatcher with 4 workers.
 -> (artifact id: '1f0baddfdd0d955a30d785c47dc75a08') in 0.0420414 seconds
Number of updated asset objects reloaded before import = 0Number of asset objects unloaded after import = 0

========================================================================
Received Import Request.
  Time since last request: 0.000043 seconds.
  path: Assets/Packages/System.Text.Json.8.0.5/analyzers/dotnet/roslyn4.0/cs/it/System.Text.Json.SourceGeneration.resources.dll
  artifactKey: Guid(caa120702460d86439c95f39dbef2af2) Importer(2089858483,192608db42251d675da83286b1cce702)
Start importing Assets/Packages/System.Text.Json.8.0.5/analyzers/dotnet/roslyn4.0/cs/it/System.Text.Json.SourceGeneration.resources.dll using Guid(caa120702460d86439c95f39dbef2af2) Importer(2089858483,192608db42251d675da83286b1cce702) (ScriptedImporter)[PhysX] Initialized MultithreadedTaskDispatcher with 4 workers.
 -> (artifact id: '15942d3af9f30d30cb3bc6eaa9ba83de') in 0.0361422 seconds
Number of updated asset objects reloaded before import = 0Number of asset objects unloaded after import = 0

========================================================================
Received Import Request.
  Time since last request: 0.000025 seconds.
  path: Assets/Packages/System.Text.Json.8.0.5/analyzers/dotnet/roslyn3.11/cs/tr/System.Text.Json.SourceGeneration.resources.dll
  artifactKey: Guid(c77185f51f67e9e49b7b9b0ee40a9ca9) Importer(2089858483,192608db42251d675da83286b1cce702)
Start importing Assets/Packages/System.Text.Json.8.0.5/analyzers/dotnet/roslyn3.11/cs/tr/System.Text.Json.SourceGeneration.resources.dll using Guid(c77185f51f67e9e49b7b9b0ee40a9ca9) Importer(2089858483,192608db42251d675da83286b1cce702) (ScriptedImporter)[PhysX] Initialized MultithreadedTaskDispatcher with 4 workers.
 -> (artifact id: 'e041bf3a81c3a37d2460791662db7ba7') in 0.0227012 seconds
Number of updated asset objects reloaded before import = 0Number of asset objects unloaded after import = 0

========================================================================
Received Import Request.
  Time since last request: 0.000018 seconds.
  path: Assets/Packages/Microsoft.Extensions.FileProviders.Abstractions.8.0.0/buildTransitive/net6.0/_._
  artifactKey: Guid(f1b4a135e5ed80147855cd1030c7695d) Importer(2089858483,192608db42251d675da83286b1cce702)
Start importing Assets/Packages/Microsoft.Extensions.FileProviders.Abstractions.8.0.0/buildTransitive/net6.0/_._ using Guid(f1b4a135e5ed80147855cd1030c7695d) Importer(2089858483,192608db42251d675da83286b1cce702) (ScriptedImporter)[PhysX] Initialized MultithreadedTaskDispatcher with 4 workers.
 -> (artifact id: '129595129d92a30113441582ff6b1d6c') in 0.0131212 seconds
Number of updated asset objects reloaded before import = 0Number of asset objects unloaded after import = 1

========================================================================
Received Import Request.
  Time since last request: 0.000025 seconds.
  path: Assets/Packages/System.Text.Json.8.0.5/buildTransitive/net461/System.Text.Json.targets
  artifactKey: Guid(4fee696a5150569479dca2a4b6ae7d10) Importer(2089858483,192608db42251d675da83286b1cce702)
Start importing Assets/Packages/System.Text.Json.8.0.5/buildTransitive/net461/System.Text.Json.targets using Guid(4fee696a5150569479dca2a4b6ae7d10) Importer(2089858483,192608db42251d675da83286b1cce702) (ScriptedImporter)[PhysX] Initialized MultithreadedTaskDispatcher with 4 workers.
 -> (artifact id: '1031dcd32e9b16782f1126baed9a4a2a') in 0.0259184 seconds
Number of updated asset objects reloaded before import = 0Number of asset objects unloaded after import = 1

========================================================================
Received Import Request.
  Time since last request: 0.000035 seconds.
  path: Assets/Packages/System.Text.Json.8.0.5/buildTransitive/net462/System.Text.Json.targets
  artifactKey: Guid(ee14a9661020c6242a5a8f49fda66ace) Importer(2089858483,192608db42251d675da83286b1cce702)
Start importing Assets/Packages/System.Text.Json.8.0.5/buildTransitive/net462/System.Text.Json.targets using Guid(ee14a9661020c6242a5a8f49fda66ace) Importer(2089858483,192608db42251d675da83286b1cce702) (ScriptedImporter)[PhysX] Initialized MultithreadedTaskDispatcher with 4 workers.
 -> (artifact id: 'a98b158b85e0e40ca6d5e0f8456ad817') in 0.0341846 seconds
Number of updated asset objects reloaded before import = 0Number of asset objects unloaded after import = 1

========================================================================
Received Import Request.
  Time since last request: 0.000023 seconds.
  path: Assets/Packages/Microsoft.Extensions.Configuration.Json.8.0.1/lib/netstandard2.1/Microsoft.Extensions.Configuration.Json.dll
  artifactKey: Guid(e977a0a6c03b1804db1aaf3b043c8e9b) Importer(2089858483,192608db42251d675da83286b1cce702)
Start importing Assets/Packages/Microsoft.Extensions.Configuration.Json.8.0.1/lib/netstandard2.1/Microsoft.Extensions.Configuration.Json.dll using Guid(e977a0a6c03b1804db1aaf3b043c8e9b) Importer(2089858483,192608db42251d675da83286b1cce702) (ScriptedImporter)[PhysX] Initialized MultithreadedTaskDispatcher with 4 workers.
 -> (artifact id: '94704f9ae65f4bf091036f0c842b1cc5') in 0.040459 seconds
Number of updated asset objects reloaded before import = 0Number of asset objects unloaded after import = 0

========================================================================
Received Import Request.
  Time since last request: 0.000040 seconds.
  path: Assets/Packages/Microsoft.Extensions.FileProviders.Physical.8.0.0/lib/netstandard2.0/Microsoft.Extensions.FileProviders.Physical.xml
  artifactKey: Guid(2286ec9ccd1ac6b4abbdda1447f90436) Importer(2089858483,192608db42251d675da83286b1cce702)
Start importing Assets/Packages/Microsoft.Extensions.FileProviders.Physical.8.0.0/lib/netstandard2.0/Microsoft.Extensions.FileProviders.Physical.xml using Guid(2286ec9ccd1ac6b4abbdda1447f90436) Importer(2089858483,192608db42251d675da83286b1cce702) (ScriptedImporter)[PhysX] Initialized MultithreadedTaskDispatcher with 4 workers.
 -> (artifact id: '3fc04dec5778664f5ab2cfce72e26028') in 0.0181506 seconds
Number of updated asset objects reloaded before import = 0Number of asset objects unloaded after import = 1

